phone/build/intermediates/manifest_merge_blame_file/debug/processDebugMainManifest/manifest-merger-blame-debug-report.txt
1<?xml version="1.0" encoding="utf-8"?>
2<manifest xmlns:android="http://schemas.android.com/apk/res/android"
3    package="com.adrianp.mysteps"
4    android:versionCode="1"
5    android:versionName="1.0.0" >
6
7    <uses-sdk
8        android:minSdkVersion="26"
9        android:targetSdkVersion="35" />
10
11    <uses-permission android:name="android.permission.ACTIVITY_RECOGNITION" />
11-->src/main/AndroidManifest.xml:4:5-79
11-->src/main/AndroidManifest.xml:4:22-76
12    <uses-permission android:name="android.permission.BODY_SENSORS" />
12-->src/main/AndroidManifest.xml:5:5-71
12-->src/main/AndroidManifest.xml:5:22-68
13    <uses-permission android:name="android.permission.FOREGROUND_SERVICE" />
13-->src/main/AndroidManifest.xml:6:5-77
13-->src/main/AndroidManifest.xml:6:22-74
14    <uses-permission android:name="android.permission.FOREGROUND_SERVICE_HEALTH" />
14-->src/main/AndroidManifest.xml:7:5-84
14-->src/main/AndroidManifest.xml:7:22-81
15    <uses-permission android:name="android.permission.POST_NOTIFICATIONS" />
15-->src/main/AndroidManifest.xml:8:5-77
15-->src/main/AndroidManifest.xml:8:22-74
16
17    <permission
17-->[androidx.core:core:1.13.1] AndroidManifest.xml:22:5-24:47
18        android:name="com.adrianp.mysteps.DYNAMIC_RECEIVER_NOT_EXPORTED_PERMISSION"
18-->[androidx.core:core:1.13.1] AndroidManifest.xml:23:9-81
19        android:protectionLevel="signature" />
19-->[androidx.core:core:1.13.1] AndroidManifest.xml:24:9-44
20
21    <uses-permission android:name="com.adrianp.mysteps.DYNAMIC_RECEIVER_NOT_EXPORTED_PERMISSION" />
21-->[androidx.core:core:1.13.1] AndroidManifest.xml:26:5-97
21-->[androidx.core:core:1.13.1] AndroidManifest.xml:26:22-94
22
23    <application
23-->src/main/AndroidManifest.xml:10:5-43:19
24        android:allowBackup="true"
24-->src/main/AndroidManifest.xml:11:9-35
25        android:appComponentFactory="androidx.core.app.CoreComponentFactory"
25-->[androidx.core:core:1.13.1] AndroidManifest.xml:28:18-86
26        android:debuggable="true"
27        android:extractNativeLibs="false"
28        android:icon="@mipmap/ic_launcher"
28-->src/main/AndroidManifest.xml:12:9-43
29        android:label="@string/app_name"
29-->src/main/AndroidManifest.xml:13:9-41
30        android:supportsRtl="true"
30-->src/main/AndroidManifest.xml:14:9-35
31        android:theme="@style/Theme.MyStepsPhone" >
31-->src/main/AndroidManifest.xml:15:9-50
32        <activity
32-->src/main/AndroidManifest.xml:17:9-25:20
33            android:name="com.adrianp.mysteps.phone.presentation.MainActivity"
33-->src/main/AndroidManifest.xml:18:13-54
34            android:exported="true"
34-->src/main/AndroidManifest.xml:19:13-36
35            android:theme="@style/Theme.MyStepsPhone" >
35-->src/main/AndroidManifest.xml:20:13-54
36            <intent-filter>
36-->src/main/AndroidManifest.xml:21:13-24:29
37                <action android:name="android.intent.action.MAIN" />
37-->src/main/AndroidManifest.xml:22:17-69
37-->src/main/AndroidManifest.xml:22:25-66
38
39                <category android:name="android.intent.category.LAUNCHER" />
39-->src/main/AndroidManifest.xml:23:17-77
39-->src/main/AndroidManifest.xml:23:27-74
40            </intent-filter>
41        </activity>
42
43        <receiver
43-->src/main/AndroidManifest.xml:27:9-36:20
44            android:name="com.adrianp.mysteps.phone.widget.StepWidget"
44-->src/main/AndroidManifest.xml:28:13-46
45            android:exported="false" >
45-->src/main/AndroidManifest.xml:29:13-37
46            <intent-filter>
46-->src/main/AndroidManifest.xml:30:13-32:29
47                <action android:name="android.appwidget.action.APPWIDGET_UPDATE" />
47-->src/main/AndroidManifest.xml:31:17-84
47-->src/main/AndroidManifest.xml:31:25-81
48            </intent-filter>
49
50            <meta-data
50-->src/main/AndroidManifest.xml:33:13-35:55
51                android:name="android.appwidget.provider"
51-->src/main/AndroidManifest.xml:34:17-58
52                android:resource="@xml/widget_info" />
52-->src/main/AndroidManifest.xml:35:17-52
53        </receiver>
54
55        <service
55-->src/main/AndroidManifest.xml:38:9-42:54
56            android:name="com.adrianp.mysteps.phone.service.PhoneStepService"
56-->src/main/AndroidManifest.xml:39:13-53
57            android:enabled="true"
57-->src/main/AndroidManifest.xml:40:13-35
58            android:exported="false"
58-->src/main/AndroidManifest.xml:41:13-37
59            android:foregroundServiceType="health" />
59-->src/main/AndroidManifest.xml:42:13-51
60
61        <activity
61-->[androidx.compose.ui:ui-tooling-android:1.7.0] AndroidManifest.xml:23:9-25:39
62            android:name="androidx.compose.ui.tooling.PreviewActivity"
62-->[androidx.compose.ui:ui-tooling-android:1.7.0] AndroidManifest.xml:24:13-71
63            android:exported="true" />
63-->[androidx.compose.ui:ui-tooling-android:1.7.0] AndroidManifest.xml:25:13-36
64        <activity
64-->[com.google.android.gms:play-services-base:18.0.1] AndroidManifest.xml:20:9-22:45
65            android:name="com.google.android.gms.common.api.GoogleApiActivity"
65-->[com.google.android.gms:play-services-base:18.0.1] AndroidManifest.xml:20:19-85
66            android:exported="false"
66-->[com.google.android.gms:play-services-base:18.0.1] AndroidManifest.xml:22:19-43
67            android:theme="@android:style/Theme.Translucent.NoTitleBar" />
67-->[com.google.android.gms:play-services-base:18.0.1] AndroidManifest.xml:21:19-78
68
69        <meta-data
69-->[com.google.android.gms:play-services-basement:18.0.0] AndroidManifest.xml:21:9-23:69
70            android:name="com.google.android.gms.version"
70-->[com.google.android.gms:play-services-basement:18.0.0] AndroidManifest.xml:22:13-58
71            android:value="@integer/google_play_services_version" />
71-->[com.google.android.gms:play-services-basement:18.0.0] AndroidManifest.xml:23:13-66
72
73        <provider
73-->[androidx.emoji2:emoji2:1.3.0] AndroidManifest.xml:24:9-32:20
74            android:name="androidx.startup.InitializationProvider"
74-->[androidx.emoji2:emoji2:1.3.0] AndroidManifest.xml:25:13-67
75            android:authorities="com.adrianp.mysteps.androidx-startup"
75-->[androidx.emoji2:emoji2:1.3.0] AndroidManifest.xml:26:13-68
76            android:exported="false" >
76-->[androidx.emoji2:emoji2:1.3.0] AndroidManifest.xml:27:13-37
77            <meta-data
77-->[androidx.emoji2:emoji2:1.3.0] AndroidManifest.xml:29:13-31:52
78                android:name="androidx.emoji2.text.EmojiCompatInitializer"
78-->[androidx.emoji2:emoji2:1.3.0] AndroidManifest.xml:30:17-75
79                android:value="androidx.startup" />
79-->[androidx.emoji2:emoji2:1.3.0] AndroidManifest.xml:31:17-49
80            <meta-data
80-->[androidx.lifecycle:lifecycle-process:2.8.3] AndroidManifest.xml:29:13-31:52
81                android:name="androidx.lifecycle.ProcessLifecycleInitializer"
81-->[androidx.lifecycle:lifecycle-process:2.8.3] AndroidManifest.xml:30:17-78
82                android:value="androidx.startup" />
82-->[androidx.lifecycle:lifecycle-process:2.8.3] AndroidManifest.xml:31:17-49
83            <meta-data
83-->[androidx.profileinstaller:profileinstaller:1.3.1] AndroidManifest.xml:29:13-31:52
84                android:name="androidx.profileinstaller.ProfileInstallerInitializer"
84-->[androidx.profileinstaller:profileinstaller:1.3.1] AndroidManifest.xml:30:17-85
85                android:value="androidx.startup" />
85-->[androidx.profileinstaller:profileinstaller:1.3.1] AndroidManifest.xml:31:17-49
86        </provider>
87
88        <receiver
88-->[androidx.profileinstaller:profileinstaller:1.3.1] AndroidManifest.xml:34:9-52:20
89            android:name="androidx.profileinstaller.ProfileInstallReceiver"
89-->[androidx.profileinstaller:profileinstaller:1.3.1] AndroidManifest.xml:35:13-76
90            android:directBootAware="false"
90-->[androidx.profileinstaller:profileinstaller:1.3.1] AndroidManifest.xml:36:13-44
91            android:enabled="true"
91-->[androidx.profileinstaller:profileinstaller:1.3.1] AndroidManifest.xml:37:13-35
92            android:exported="true"
92-->[androidx.profileinstaller:profileinstaller:1.3.1] AndroidManifest.xml:38:13-36
93            android:permission="android.permission.DUMP" >
93-->[androidx.profileinstaller:profileinstaller:1.3.1] AndroidManifest.xml:39:13-57
94            <intent-filter>
94-->[androidx.profileinstaller:profileinstaller:1.3.1] AndroidManifest.xml:40:13-42:29
95                <action android:name="androidx.profileinstaller.action.INSTALL_PROFILE" />
95-->[androidx.profileinstaller:profileinstaller:1.3.1] AndroidManifest.xml:41:17-91
95-->[androidx.profileinstaller:profileinstaller:1.3.1] AndroidManifest.xml:41:25-88
96            </intent-filter>
97            <intent-filter>
97-->[androidx.profileinstaller:profileinstaller:1.3.1] AndroidManifest.xml:43:13-45:29
98                <action android:name="androidx.profileinstaller.action.SKIP_FILE" />
98-->[androidx.profileinstaller:profileinstaller:1.3.1] AndroidManifest.xml:44:17-85
98-->[androidx.profileinstaller:profileinstaller:1.3.1] AndroidManifest.xml:44:25-82
99            </intent-filter>
100            <intent-filter>
100-->[androidx.profileinstaller:profileinstaller:1.3.1] AndroidManifest.xml:46:13-48:29
101                <action android:name="androidx.profileinstaller.action.SAVE_PROFILE" />
101-->[androidx.profileinstaller:profileinstaller:1.3.1] AndroidManifest.xml:47:17-88
101-->[androidx.profileinstaller:profileinstaller:1.3.1] AndroidManifest.xml:47:25-85
102            </intent-filter>
103            <intent-filter>
103-->[androidx.profileinstaller:profileinstaller:1.3.1] AndroidManifest.xml:49:13-51:29
104                <action android:name="androidx.profileinstaller.action.BENCHMARK_OPERATION" />
104-->[androidx.profileinstaller:profileinstaller:1.3.1] AndroidManifest.xml:50:17-95
104-->[androidx.profileinstaller:profileinstaller:1.3.1] AndroidManifest.xml:50:25-92
105            </intent-filter>
106        </receiver>
107    </application>
108
109</manifest>